  [1m[36m (112.3ms)[0m  [1mCREATE TABLE "schema_migrations" ("version" varchar(255) NOT NULL) [0m
  [1m[35m (99.1ms)[0m  CREATE UNIQUE INDEX "unique_schema_migrations" ON "schema_migrations" ("version")
  [1m[36mActiveRecord::SchemaMigration Load (0.2ms)[0m  [1mSELECT "schema_migrations".* FROM "schema_migrations"[0m
Migrating to CreateNotes (20130723050253)
  [1m[35m (0.2ms)[0m  begin transaction
  [1m[36m (0.8ms)[0m  [1mCREATE TABLE "notes" ("id" INTEGER PRIMARY KEY AUTOINCREMENT NOT NULL, "title" varchar(255), "body" text, "created_at" datetime, "updated_at" datetime) [0m
  [1m[35mSQL (0.3ms)[0m  INSERT INTO "schema_migrations" ("version") VALUES (?)  [["version", "20130723050253"]]
  [1m[36m (96.2ms)[0m  [1mcommit transaction[0m
  [1m[35mActiveRecord::SchemaMigration Load (0.2ms)[0m  SELECT "schema_migrations".* FROM "schema_migrations"


Started GET "/" for 127.0.0.1 at 2014-09-30 21:53:04 +0530
  [1m[36mActiveRecord::SchemaMigration Load (0.1ms)[0m  [1mSELECT "schema_migrations".* FROM "schema_migrations"[0m
Processing by Rails::WelcomeController#index as HTML
  Rendered /home/vishnu/.rvm/gems/ruby-2.1.1/gems/railties-4.0.0/lib/rails/templates/rails/welcome/index.html.erb (2.2ms)
Completed 200 OK in 9ms (Views: 8.7ms | ActiveRecord: 0.0ms)


Started GET "/" for 127.0.0.1 at 2014-09-30 21:53:05 +0530
Processing by Rails::WelcomeController#index as HTML
  Rendered /home/vishnu/.rvm/gems/ruby-2.1.1/gems/railties-4.0.0/lib/rails/templates/rails/welcome/index.html.erb (0.1ms)
Completed 200 OK in 2ms (Views: 1.6ms | ActiveRecord: 0.0ms)


Started GET "/" for 127.0.0.1 at 2014-09-30 21:55:53 +0530
Processing by Rails::WelcomeController#index as HTML
  Rendered /home/vishnu/.rvm/gems/ruby-2.1.1/gems/railties-4.0.0/lib/rails/templates/rails/welcome/index.html.erb (0.1ms)
Completed 200 OK in 2ms (Views: 1.8ms | ActiveRecord: 0.0ms)


Started GET "/notes" for 127.0.0.1 at 2014-09-30 21:55:55 +0530

ActionController::RoutingError (No route matches [GET] "/notes"):
  actionpack (4.0.0) lib/action_dispatch/middleware/debug_exceptions.rb:21:in `call'
  actionpack (4.0.0) lib/action_dispatch/middleware/show_exceptions.rb:30:in `call'
  railties (4.0.0) lib/rails/rack/logger.rb:38:in `call_app'
  railties (4.0.0) lib/rails/rack/logger.rb:21:in `block in call'
  activesupport (4.0.0) lib/active_support/tagged_logging.rb:67:in `block in tagged'
  activesupport (4.0.0) lib/active_support/tagged_logging.rb:25:in `tagged'
  activesupport (4.0.0) lib/active_support/tagged_logging.rb:67:in `tagged'
  railties (4.0.0) lib/rails/rack/logger.rb:21:in `call'
  actionpack (4.0.0) lib/action_dispatch/middleware/request_id.rb:21:in `call'
  rack (1.5.2) lib/rack/methodoverride.rb:21:in `call'
  rack (1.5.2) lib/rack/runtime.rb:17:in `call'
  activesupport (4.0.0) lib/active_support/cache/strategy/local_cache.rb:83:in `call'
  rack (1.5.2) lib/rack/lock.rb:17:in `call'
  actionpack (4.0.0) lib/action_dispatch/middleware/static.rb:64:in `call'
  railties (4.0.0) lib/rails/engine.rb:511:in `call'
  railties (4.0.0) lib/rails/application.rb:97:in `call'
  rack (1.5.2) lib/rack/lock.rb:17:in `call'
  rack (1.5.2) lib/rack/content_length.rb:14:in `call'
  rack (1.5.2) lib/rack/handler/webrick.rb:60:in `service'
  /home/vishnu/.rvm/rubies/ruby-2.1.1/lib/ruby/2.1.0/webrick/httpserver.rb:138:in `service'
  /home/vishnu/.rvm/rubies/ruby-2.1.1/lib/ruby/2.1.0/webrick/httpserver.rb:94:in `run'
  /home/vishnu/.rvm/rubies/ruby-2.1.1/lib/ruby/2.1.0/webrick/server.rb:295:in `block in start_thread'


  Rendered /home/vishnu/.rvm/gems/ruby-2.1.1/gems/actionpack-4.0.0/lib/action_dispatch/middleware/templates/rescues/_trace.erb (1.4ms)
  Rendered /home/vishnu/.rvm/gems/ruby-2.1.1/gems/actionpack-4.0.0/lib/action_dispatch/middleware/templates/routes/_route.html.erb (1.8ms)
  Rendered /home/vishnu/.rvm/gems/ruby-2.1.1/gems/actionpack-4.0.0/lib/action_dispatch/middleware/templates/routes/_table.html.erb (4.1ms)
  Rendered /home/vishnu/.rvm/gems/ruby-2.1.1/gems/actionpack-4.0.0/lib/action_dispatch/middleware/templates/rescues/routing_error.erb within rescues/layout (26.7ms)


Started GET "/api/notes" for 127.0.0.1 at 2014-09-30 22:20:20 +0530
Processing by NotesController#index as JSON
  [1m[35mNote Load (0.1ms)[0m  SELECT "notes".* FROM "notes"
Completed 200 OK in 16ms (Views: 1.3ms | ActiveRecord: 0.5ms)


Started POST "/api/notes" for 127.0.0.1 at 2014-09-30 22:20:29 +0530
Processing by NotesController#create as JSON
  Parameters: {"title"=>"testing", "body"=>"testing", "note"=>{"title"=>"testing", "body"=>"testing"}}
Unpermitted parameters: note
  [1m[36m (0.2ms)[0m  [1mbegin transaction[0m
  [1m[35mSQL (13.9ms)[0m  INSERT INTO "notes" ("body", "created_at", "title", "updated_at") VALUES (?, ?, ?, ?)  [["body", "testing"], ["created_at", Tue, 30 Sep 2014 16:50:30 UTC +00:00], ["title", "testing"], ["updated_at", Tue, 30 Sep 2014 16:50:30 UTC +00:00]]
  [1m[36m (303.0ms)[0m  [1mcommit transaction[0m
Completed 200 OK in 351ms (Views: 0.8ms | ActiveRecord: 317.4ms)


Started DELETE "/api/notes/1" for 127.0.0.1 at 2014-09-30 22:20:32 +0530
Processing by NotesController#destroy as JSON
  Parameters: {"id"=>"1"}
  [1m[35mNote Load (0.5ms)[0m  SELECT "notes".* FROM "notes" WHERE "notes"."id" = ? LIMIT 1  [["id", "1"]]
  [1m[36m (0.1ms)[0m  [1mbegin transaction[0m
  [1m[35mSQL (0.3ms)[0m  DELETE FROM "notes" WHERE "notes"."id" = ?  [["id", 1]]
  [1m[36m (120.8ms)[0m  [1mcommit transaction[0m
Completed 204 No Content in 128ms (ActiveRecord: 121.7ms)


Started GET "/api/notes" for 127.0.0.1 at 2014-09-30 22:21:30 +0530
Processing by NotesController#index as JSON
  [1m[35mNote Load (0.4ms)[0m  SELECT "notes".* FROM "notes"
Completed 200 OK in 2ms (Views: 0.7ms | ActiveRecord: 0.4ms)


Started POST "/api/notes" for 127.0.0.1 at 2014-09-30 22:21:39 +0530
Processing by NotesController#create as JSON
  Parameters: {"title"=>"testing", "body"=>"hi this is first note", "note"=>{"title"=>"testing", "body"=>"hi this is first note"}}
Unpermitted parameters: note
  [1m[36m (0.1ms)[0m  [1mbegin transaction[0m
  [1m[35mSQL (0.3ms)[0m  INSERT INTO "notes" ("body", "created_at", "title", "updated_at") VALUES (?, ?, ?, ?)  [["body", "hi this is first note"], ["created_at", Tue, 30 Sep 2014 16:51:39 UTC +00:00], ["title", "testing"], ["updated_at", Tue, 30 Sep 2014 16:51:39 UTC +00:00]]
  [1m[36m (128.4ms)[0m  [1mcommit transaction[0m
Completed 200 OK in 132ms (Views: 0.4ms | ActiveRecord: 128.9ms)


Started GET "/api/notes" for 127.0.0.1 at 2014-09-30 22:21:41 +0530
Processing by NotesController#index as JSON
  [1m[35mNote Load (0.3ms)[0m  SELECT "notes".* FROM "notes"
Completed 200 OK in 2ms (Views: 1.3ms | ActiveRecord: 0.3ms)


Started POST "/api/notes" for 127.0.0.1 at 2014-09-30 22:21:54 +0530
Processing by NotesController#create as JSON
  Parameters: {"title"=>"this is 2nd one", "body"=>"hi \nI am vishnu", "note"=>{"title"=>"this is 2nd one", "body"=>"hi \nI am vishnu"}}
Unpermitted parameters: note
  [1m[36m (0.2ms)[0m  [1mbegin transaction[0m
  [1m[35mSQL (0.5ms)[0m  INSERT INTO "notes" ("body", "created_at", "title", "updated_at") VALUES (?, ?, ?, ?)  [["body", "hi \nI am vishnu"], ["created_at", Tue, 30 Sep 2014 16:51:54 UTC +00:00], ["title", "this is 2nd one"], ["updated_at", Tue, 30 Sep 2014 16:51:54 UTC +00:00]]
  [1m[36m (121.9ms)[0m  [1mcommit transaction[0m
Completed 200 OK in 127ms (Views: 0.4ms | ActiveRecord: 122.6ms)


Started POST "/api/notes" for 127.0.0.1 at 2014-09-30 22:22:09 +0530
Processing by NotesController#create as JSON
  Parameters: {"title"=>"this is 2nd one", "body"=>"hi \nI am vishnu", "note"=>{"title"=>"this is 2nd one", "body"=>"hi \nI am vishnu"}}
Unpermitted parameters: note
  [1m[35m (0.1ms)[0m  begin transaction
  [1m[36mSQL (0.5ms)[0m  [1mINSERT INTO "notes" ("body", "created_at", "title", "updated_at") VALUES (?, ?, ?, ?)[0m  [["body", "hi \nI am vishnu"], ["created_at", Tue, 30 Sep 2014 16:52:09 UTC +00:00], ["title", "this is 2nd one"], ["updated_at", Tue, 30 Sep 2014 16:52:09 UTC +00:00]]
  [1m[35m (142.1ms)[0m  commit transaction
Completed 200 OK in 147ms (Views: 0.7ms | ActiveRecord: 142.7ms)


Started GET "/api/notes" for 127.0.0.1 at 2014-09-30 22:22:13 +0530
Processing by NotesController#index as JSON
  [1m[36mNote Load (0.3ms)[0m  [1mSELECT "notes".* FROM "notes"[0m
Completed 200 OK in 3ms (Views: 1.6ms | ActiveRecord: 0.3ms)


Started POST "/api/notes" for 127.0.0.1 at 2014-09-30 22:22:26 +0530
Processing by NotesController#create as JSON
  Parameters: {"title"=>"rwerew", "body"=>"rerwe", "note"=>{"title"=>"rwerew", "body"=>"rerwe"}}
Unpermitted parameters: note
  [1m[35m (0.1ms)[0m  begin transaction
  [1m[36mSQL (0.3ms)[0m  [1mINSERT INTO "notes" ("body", "created_at", "title", "updated_at") VALUES (?, ?, ?, ?)[0m  [["body", "rerwe"], ["created_at", Tue, 30 Sep 2014 16:52:26 UTC +00:00], ["title", "rwerew"], ["updated_at", Tue, 30 Sep 2014 16:52:26 UTC +00:00]]
  [1m[35m (123.2ms)[0m  commit transaction
Completed 200 OK in 127ms (Views: 0.4ms | ActiveRecord: 123.6ms)


Started GET "/api/notes" for 127.0.0.1 at 2014-09-30 22:54:05 +0530
  [1m[36mActiveRecord::SchemaMigration Load (0.1ms)[0m  [1mSELECT "schema_migrations".* FROM "schema_migrations"[0m
Processing by NotesController#index as JSON
  [1m[35mNote Load (0.1ms)[0m  SELECT "notes".* FROM "notes"
Completed 200 OK in 31ms (Views: 18.5ms | ActiveRecord: 0.6ms)


Started GET "/api/notes" for 127.0.0.1 at 2014-09-30 22:55:01 +0530
Processing by NotesController#index as JSON
  [1m[36mNote Load (0.4ms)[0m  [1mSELECT "notes".* FROM "notes"[0m
Completed 200 OK in 5ms (Views: 3.5ms | ActiveRecord: 0.4ms)


Started GET "/api/notes" for 127.0.0.1 at 2014-09-30 22:55:18 +0530
Processing by NotesController#index as JSON
  [1m[35mNote Load (0.2ms)[0m  SELECT "notes".* FROM "notes"
Completed 200 OK in 3ms (Views: 2.1ms | ActiveRecord: 0.2ms)


Started GET "/api/notes" for 127.0.0.1 at 2014-09-30 22:56:01 +0530
Processing by NotesController#index as JSON
  [1m[36mNote Load (0.3ms)[0m  [1mSELECT "notes".* FROM "notes"[0m
Completed 200 OK in 3ms (Views: 2.3ms | ActiveRecord: 0.3ms)
